A D/ar_SY////
A D/bg_BG////
A D/ca_ES////
A D/cs_CZ////
A D/da_DK////
A D/de_DE////
A D/el_GR////
A D/en_US////
A D/es_ES////
A D/et_EE////
A D/fi_FI////
A D/fr_FR////
A D/gl_ES////
A D/hu_HU////
A D/id_ID////
A D/it_IT////
A D/ja_JP////
A D/ko_KR////
A D/lt_LT////
A D/lv_LV////
A D/mk_MK////
A D/nb_NO////
A D/nl_NL////
A D/nn_NO////
A D/pl_PL////
A D/pt_BR////
A D/pt_PT////
A D/ro_RO////
A D/ru_RU////
A D/sk_SK////
A D/sl_SI////
A D/sv_SE////
A D/tr_TR////
A D/uk_UA////
A D/zh_CN////
A D/zh_TW////
