A D/Horde_Alarm////
A D/Horde_Alarm-H4////
A D/Horde_Argv////
A D/Horde_Argv-H4////
A D/Horde_Auth////
A D/Horde_Auth-H4////
A D/Horde_Autoloader////
A D/Horde_Block////
A D/Horde_Block-H4////
A D/Horde_Browser////
A D/Horde_Browser-H4////
A D/Horde_CLI////
A D/Horde_Cache////
A D/Horde_Cache-H4////
A D/Horde_Cipher////
A D/Horde_Cipher-H4////
A D/Horde_Cli-H4////
A D/Horde_Compress////
A D/Horde_Compress-H4////
A D/Horde_Controller////
A D/Horde_Core-H4////
A D/Horde_Crypt////
A D/Horde_Crypt-H4////
A D/Horde_DOM////
A D/Horde_Data////
A D/Horde_Data-H4////
A D/Horde_DataTree////
A D/Horde_Date////
A D/Horde_Date-H4////
A D/Horde_Editor////
A D/Horde_Editor-H4////
A D/Horde_Feed////
A D/Horde_Feed-H4////
A D/Horde_File_CSV////
A D/Horde_File_CSV-H4////
A D/Horde_File_PDF////
A D/Horde_File_PDF-H4////
A D/Horde_Form////
A D/Horde_Form-H4////
A D/Horde_Framework////
A D/Horde_Framework-H4////
A D/Horde_Group////
A D/Horde_Group-H4////
A D/Horde_History////
A D/Horde_History-H4////
A D/Horde_Http_Client////
A D/Horde_IMAP////
A D/Horde_Image////
A D/Horde_Kolab////
A D/Horde_Kolab_Filter////
A D/Horde_Kolab_Format////
A D/Horde_Kolab_FreeBusy////
A D/Horde_LDAP////
A D/Horde_Loader////
A D/Horde_Lock////
A D/Horde_Log////
A D/Horde_MIME////
A D/Horde_Maintenance////
A D/Horde_Memcache////
A D/Horde_Mobile////
A D/Horde_NLS////
A D/Horde_NLS-H4////
A D/Horde_Net_IMSP////
A D/Horde_Net_SMS////
A D/Horde_Notification////
A D/Horde_Notification-H4////
A D/Horde_Perms////
A D/Horde_Prefs////
A D/Horde_RPC////
A D/Horde_SQL////
A D/Horde_Secret////
A D/Horde_Serialize////
A D/Horde_SessionHandler////
A D/Horde_SessionObjects////
A D/Horde_Share////
A D/Horde_SpellChecker////
A D/Horde_SyncML////
A D/Horde_Template////
A D/Horde_Text_Diff////
A D/Horde_Text_Filter////
A D/Horde_Text_Flowed////
A D/Horde_Text_Textile////
A D/Horde_Token////
A D/Horde_Tree////
A D/Horde_UI////
A D/Horde_Util////
A D/Horde_Util-H4////
A D/Horde_VC////
A D/Horde_VFS////
A D/Horde_View////
A D/Horde_XML_WBXML////
A D/Horde_Xml_Element////
A D/Horde_Yaml////
A D/Horde_iCalendar////
A D/Kolab_Server-H4////
A D/PEAR-Archive_Tar////
A D/PEAR-Auth_SASL////
A D/PEAR-Cache////
A D/PEAR-Console_Getopt////
A D/PEAR-Console_Table////
A D/PEAR-DB////
A D/PEAR-Date////
A D/PEAR-Date_Holidays////
A D/PEAR-Date_Holidays_Austria////
A D/PEAR-Date_Holidays_Brazil////
A D/PEAR-Date_Holidays_Denmark////
A D/PEAR-Date_Holidays_Discordian////
A D/PEAR-Date_Holidays_EnglandWales////
A D/PEAR-Date_Holidays_Germany////
A D/PEAR-Date_Holidays_Iceland////
A D/PEAR-Date_Holidays_Ireland////
A D/PEAR-Date_Holidays_Italy////
A D/PEAR-Date_Holidays_Japan////
A D/PEAR-Date_Holidays_Netherlands////
A D/PEAR-Date_Holidays_Norway////
A D/PEAR-Date_Holidays_Romania////
A D/PEAR-Date_Holidays_Slovenia////
A D/PEAR-Date_Holidays_Sweden////
A D/PEAR-Date_Holidays_UNO////
A D/PEAR-Date_Holidays_USA////
A D/PEAR-Date_Holidays_Ukraine////
A D/PEAR-File////
A D/PEAR-File_Find////
A D/PEAR-HTTP_Request////
A D/PEAR-HTTP_WebDAV_Server////
A D/PEAR-Horde-Channel////
A D/PEAR-Log////
A D/PEAR-Mail////
A D/PEAR-Mail-mimeDecode////
A D/PEAR-Mail_Mime////
A D/PEAR-Mail_mimeDecode////
A D/PEAR-Net_DIME////
A D/PEAR-Net_IMAP////
A D/PEAR-Net_LDAP////
A D/PEAR-Net_LDAP2////
A D/PEAR-Net_LMTP////
A D/PEAR-Net_SMTP////
A D/PEAR-Net_Sieve////
A D/PEAR-Net_Socket////
A D/PEAR-Net_URL////
A D/PEAR-PEAR////
A D/PEAR-PHPUnit-Channel////
A D/PEAR-SOAP////
A D/PEAR-Service_Weather////
A D/PEAR-Services_Weather////
A D/PEAR-Structures_Graph////
A D/PEAR-XML_Parser////
A D/PEAR-XML_Serializer////
A D/PEAR-XML_Util////
A D/PHPUnit////
