A D/Horde_Ajax-H4////
A D/Horde_Alarm-H4////
A D/Horde_Argv-H4////
A D/Horde_Auth-H4////
A D/Horde_Autoloader-H4////
A D/Horde_Block-H4////
A D/Horde_Browser-H4////
A D/Horde_Cache-H4////
A D/Horde_Cipher-H4////
A D/Horde_Cli-H4////
A D/Horde_Compress-H4////
A D/Horde_Controller-H4////
A D/Horde_Core-H4////
A D/Horde_Crypt-H4////
A D/Horde_Data-H4////
A D/Horde_Date-H4////
A D/Horde_Editor-H4////
A D/Horde_Exception-H4////
A D/Horde_Feed-H4////
A D/Horde_File_CSV-H4////
A D/Horde_File_PDF-H4////
A D/Horde_Form-H4////
A D/Horde_Group-H4////
A D/Horde_History-H4////
A D/Horde_Image-H4////
A D/Horde_Imap_Client-H4////
A D/Horde_Injector-H4////
A D/Horde_Ldap-H4////
A D/Horde_Log-H4////
A D/Horde_LoginTasks////
A D/Horde_Mime-H4////
A D/Horde_Nls-H4////
A D/Horde_Notification-H4////
A D/Horde_Perms-H4////
A D/Horde_Prefs-H4////
A D/Horde_Secret-H4////
A D/Horde_Serialize-H4////
A D/Horde_SessionObjects-H4////
A D/Horde_Template-H4////
A D/Horde_Test-H4////
A D/Horde_Text_Filter-H4////
A D/Horde_Text_Flowed-H4////
A D/Horde_Token-H4////
A D/Horde_Tree-H4////
A D/Horde_Ui-H4////
A D/Horde_Url-H4////
A D/Horde_Util-H4////
A D/Horde_Vfs-H4////
A D/Kolab_Server-H4////
A D/Kolab_Session-H4////
A D/PEAR-Auth_SASL-H4////
A D/PEAR-DB-H4////
A D/PEAR-Log-H4////
A D/PEAR-Mail-H4////
A D/PEAR-Net_SMTP-H4////
A D/PEAR-Net_Socket-H4////
A D/PEAR-PEAR-H4////
A D/PEAR-PHPUnit-Channel-H4////
A D/PHPUnit-H4////
