A D/Smarty////
A D/amavisd////
A D/apache////
A D/apache-php////
A D/apache2-php////
A D/clamav////
A D/db////
A D/dist_conf////
A D/doc////
A D/file////
A D/gmp////
A D/horde////
A D/imap////
A D/imapd////
A D/kolab////
A D/kolab-fbview////
A D/kolab-filter////
A D/kolab-freebusy////
A D/kolab-horde-fbview////
A D/kolab-horde-framework////
A D/kolab-resource-handlers////
A D/kolab-webadmin////
A D/kolab-webclient////
A D/kolab-webclient-h4////
A D/kolabconf////
A D/kolabd////
A D/make-helper////
A D/monit////
A D/openldap////
A D/openpkg////
A D/openssl////
A D/patches////
A D/pear////
A D/pear-H4////
A D/pear-h4////
A D/perl-kolab////
A D/perl-ldap////
A D/php////
A D/php-kolab////
A D/php-smarty////
A D/postfix////
A D/proftpd////
A D/sasl////
A D/spamassassin////
A D/sqlite////
A D/utilities////
