A D/Auth////
A D/Block////
A D/Browser////
A D/CLI////
A D/Cache////
A D/Cipher////
A D/Compress////
A D/Crypt////
A D/Data////
A D/DataTree////
A D/Editor////
A D/File_PDF////
A D/Form////
A D/Graph////
A D/Group////
A D/History////
A D/Horde////
A D/IMAP////
A D/Identity////
A D/Image////
A D/Kolab////
A D/LDAP////
A D/Links////
A D/MIME////
A D/Maintenance////
A D/Menu////
A D/Mobile////
A D/NLS////
A D/Net_Cyrus////
A D/Net_IMAP////
A D/Net_IMSP////
A D/Net_LMTP////
A D/Net_SMS////
A D/Notification////
A D/Perms////
A D/Prefs////
A D/RPC////
A D/SQL////
A D/Scheduler////
A D/Search////
A D/Secret////
A D/Serialize////
A D/SessionHandler////
A D/SessionObjects////
A D/Share////
A D/SyncML////
A D/Template////
A D/Text////
A D/Text_Diff////
A D/Text_reST////
A D/Timer////
A D/Token////
A D/Tree////
A D/UI////
A D/Util////
A D/VC////
A D/VFS////
A D/XML_RAX////
A D/XML_SVG////
A D/XML_WBXML////
A D/iCalendar////
