A D/af////
A D/ar////
A D/az////
A D/bg////
A D/bs////
A D/ca////
A D/cs////
A D/da////
A D/de////
A D/de_DE////
A D/dk////
A D/el////
A D/en_GB////
A D/en_US////
A D/eo////
A D/es////
A D/et////
A D/eu////
A D/fi////
A D/fo////
A D/fr////
A D/he////
A D/hr////
A D/hu////
A D/id////
A D/it////
A D/ja////
A D/ko////
A D/l10n////
A D/lt////
A D/mt////
A D/nb////
A D/nl////
A D/nn////
A D/nso////
A D/pl////
A D/pt////
A D/pt_BR////
A D/ro////
A D/ru////
A D/sk////
A D/sl////
A D/sl_SI////
A D/sr////
A D/sv////
A D/ta////
A D/th////
A D/tr////
A D/uk////
A D/ven////
A D/vi////
A D/xh////
A D/zh_CN////
A D/zh_TW////
A D/zu////
